# JRE version: Java(TM) SE Runtime Environment (8.0_25-b17) (build 1.8.0_25-b17)
# Java VM: Java HotSpot(TM) 64-Bit Server VM (25.25-b02 mixed mode bsd-amd64 compressed oops)
Heap:
 PSYoungGen      total 293888K, used 142054K [0x00000007aab00000, 0x00000007c0000000, 0x00000007c0000000)
  eden space 243712K, 57% used [0x00000007aab00000,0x00000007b34a88e8,0x00000007b9900000)
  from space 50176K, 2% used [0x00000007bcf00000,0x00000007bd0110a0,0x00000007c0000000)
  to   space 52736K, 0% used [0x00000007b9900000,0x00000007b9900000,0x00000007bcc80000)
 ParOldGen       total 699392K, used 32787K [0x0000000780000000, 0x00000007aab00000, 0x00000007aab00000)
  object space 699392K, 4% used [0x0000000780000000,0x0000000782004fe8,0x00000007aab00000)
 Metaspace       used 69049K, capacity 69746K, committed 70016K, reserved 1105920K
  class space    used 12858K, capacity 13091K, committed 13184K, reserved 1048576K
GC Heap History (10 events):
Event: 84.054 GC heap before
{Heap before GC invocations=3 (full 0):
 PSYoungGen      total 305664K, used 285965K [0x00000007aab00000, 0x00000007c0000000, 0x00000007c0000000)
  eden space 262144K, 100% used [0x00000007aab00000,0x00000007bab00000,0x00000007bab00000)
  from space 43520K, 54% used [0x00000007bd580000,0x00000007becc36f8,0x00000007c0000000)
  to   space 43520K, 0% used [0x00000007bab00000,0x00000007bab00000,0x00000007bd580000)
 ParOldGen       total 699392K, used 26K [0x0000000780000000, 0x00000007aab00000, 0x00000007aab00000)
  object space 699392K, 0% used [0x0000000780000000,0x0000000780006988,0x00000007aab00000)
 Metaspace       used 55768K, capacity 56394K, committed 56704K, reserved 1095680K
  class space    used 10824K, capacity 11049K, committed 11136K, reserved 1048576K
Event: 84.125 GC heap after
Heap after GC invocations=3 (full 0):
 PSYoungGen      total 305664K, used 43334K [0x00000007aab00000, 0x00000007c0000000, 0x00000007c0000000)
  eden space 262144K, 0% used [0x00000007aab00000,0x00000007aab00000,0x00000007bab00000)
  from space 43520K, 99% used [0x00000007bab00000,0x00000007bd551bb8,0x00000007bd580000)
  to   space 43520K, 0% used [0x00000007bd580000,0x00000007bd580000,0x00000007c0000000)
 ParOldGen       total 699392K, used 34K [0x0000000780000000, 0x00000007aab00000, 0x00000007aab00000)
  object space 699392K, 0% used [0x0000000780000000,0x0000000780008988,0x00000007aab00000)
 Metaspace       used 55768K, capacity 56394K, committed 56704K, reserved 1095680K
  class space    used 10824K, capacity 11049K, committed 11136K, reserved 1048576K
}
Event: 85.500 GC heap before
{Heap before GC invocations=4 (full 0):
 PSYoungGen      total 305664K, used 106837K [0x00000007aab00000, 0x00000007c0000000, 0x00000007c0000000)
  eden space 262144K, 24% used [0x00000007aab00000,0x00000007ae903c30,0x00000007bab00000)
  from space 43520K, 99% used [0x00000007bab00000,0x00000007bd551bb8,0x00000007bd580000)
  to   space 43520K, 0% used [0x00000007bd580000,0x00000007bd580000,0x00000007c0000000)
 ParOldGen       total 699392K, used 34K [0x0000000780000000, 0x00000007aab00000, 0x00000007aab00000)
  object space 699392K, 0% used [0x0000000780000000,0x0000000780008988,0x00000007aab00000)
 Metaspace       used 64731K, capacity 65440K, committed 65536K, reserved 1101824K
  class space    used 12190K, capacity 12399K, committed 12416K, reserved 1048576K
Event: 85.555 GC heap after
Heap after GC invocations=4 (full 0):
 PSYoungGen      total 305664K, used 35310K [0x00000007aab00000, 0x00000007c0000000, 0x00000007c0000000)
  eden space 262144K, 0% used [0x00000007aab00000,0x00000007aab00000,0x00000007bab00000)
  from space 43520K, 81% used [0x00000007bd580000,0x00000007bf7fb8e0,0x00000007c0000000)
  to   space 43520K, 0% used [0x00000007bab00000,0x00000007bab00000,0x00000007bd580000)
 ParOldGen       total 699392K, used 106K [0x0000000780000000, 0x00000007aab00000, 0x00000007aab00000)
  object space 699392K, 0% used [0x0000000780000000,0x000000078001a998,0x00000007aab00000)
 Metaspace       used 64731K, capacity 65440K, committed 65536K, reserved 1101824K
  class space    used 12190K, capacity 12399K, committed 12416K, reserved 1048576K
}
Event: 85.555 GC heap before
{Heap before GC invocations=5 (full 1):
 PSYoungGen      total 305664K, used 35310K [0x00000007aab00000, 0x00000007c0000000, 0x00000007c0000000)
  eden space 262144K, 0% used [0x00000007aab00000,0x00000007aab00000,0x00000007bab00000)
  from space 43520K, 81% used [0x00000007bd580000,0x00000007bf7fb8e0,0x00000007c0000000)
  to   space 43520K, 0% used [0x00000007bab00000,0x00000007bab00000,0x00000007bd580000)
 ParOldGen       total 699392K, used 106K [0x0000000780000000, 0x00000007aab00000, 0x00000007aab00000)
  object space 699392K, 0% used [0x0000000780000000,0x000000078001a998,0x00000007aab00000)
 Metaspace       used 64731K, capacity 65440K, committed 65536K, reserved 1101824K
  class space    used 12190K, capacity 12399K, committed 12416K, reserved 1048576K
Event: 85.764 GC heap after
Heap after GC invocations=5 (full 1):
 PSYoungGen      total 305664K, used 0K [0x00000007aab00000, 0x00000007c0000000, 0x00000007c0000000)
  eden space 262144K, 0% used [0x00000007aab00000,0x00000007aab00000,0x00000007bab00000)
  from space 43520K, 0% used [0x00000007bd580000,0x00000007bd580000,0x00000007c0000000)
  to   space 43520K, 0% used [0x00000007bab00000,0x00000007bab00000,0x00000007bd580000)
 ParOldGen       total 699392K, used 32779K [0x0000000780000000, 0x00000007aab00000, 0x00000007aab00000)
  object space 699392K, 4% used [0x0000000780000000,0x0000000782002fe8,0x00000007aab00000)
 Metaspace       used 64699K, capacity 65376K, committed 65536K, reserved 1101824K
  class space    used 12182K, capacity 12379K, committed 12416K, reserved 1048576K
}
Event: 25147.115 GC heap before
{Heap before GC invocations=6 (full 1):
 PSYoungGen      total 305664K, used 262144K [0x00000007aab00000, 0x00000007c0000000, 0x00000007c0000000)
  eden space 262144K, 100% used [0x00000007aab00000,0x00000007bab00000,0x00000007bab00000)
  from space 43520K, 0% used [0x00000007bd580000,0x00000007bd580000,0x00000007c0000000)
  to   space 43520K, 0% used [0x00000007bab00000,0x00000007bab00000,0x00000007bd580000)
 ParOldGen       total 699392K, used 32779K [0x0000000780000000, 0x00000007aab00000, 0x00000007aab00000)
  object space 699392K, 4% used [0x0000000780000000,0x0000000782002fe8,0x00000007aab00000)
 Metaspace       used 68672K, capacity 69394K, committed 69760K, reserved 1105920K
  class space    used 12789K, capacity 13059K, committed 13184K, reserved 1048576K
Event: 25147.346 GC heap after
Heap after GC invocations=6 (full 1):
 PSYoungGen      total 266752K, used 4429K [0x00000007aab00000, 0x00000007c0000000, 0x00000007c0000000)
  eden space 262144K, 0% used [0x00000007aab00000,0x00000007aab00000,0x00000007bab00000)
  from space 4608K, 96% used [0x00000007bab00000,0x00000007baf537b0,0x00000007baf80000)
  to   space 50176K, 0% used [0x00000007bcf00000,0x00000007bcf00000,0x00000007c0000000)
 ParOldGen       total 699392K, used 32787K [0x0000000780000000, 0x00000007aab00000, 0x00000007aab00000)
  object space 699392K, 4% used [0x0000000780000000,0x0000000782004fe8,0x00000007aab00000)
 Metaspace       used 68672K, capacity 69394K, committed 69760K, reserved 1105920K
  class space    used 12789K, capacity 13059K, committed 13184K, reserved 1048576K
}
Event: 53042.439 GC heap before
{Heap before GC invocations=7 (full 1):
 PSYoungGen      total 266752K, used 266573K [0x00000007aab00000, 0x00000007c0000000, 0x00000007c0000000)
  eden space 262144K, 100% used [0x00000007aab00000,0x00000007bab00000,0x00000007bab00000)
  from space 4608K, 96% used [0x00000007bab00000,0x00000007baf537b0,0x00000007baf80000)
  to   space 50176K, 0% used [0x00000007bcf00000,0x00000007bcf00000,0x00000007c0000000)
 ParOldGen       total 699392K, used 32787K [0x0000000780000000, 0x00000007aab00000, 0x00000007aab00000)
  object space 699392K, 4% used [0x0000000780000000,0x0000000782004fe8,0x00000007aab00000)
 Metaspace       used 68675K, capacity 69394K, committed 69760K, reserved 1105920K
  class space    used 12789K, capacity 13059K, committed 13184K, reserved 1048576K
Event: 53042.485 GC heap after
Heap after GC invocations=7 (full 1):
 PSYoungGen      total 293888K, used 1092K [0x00000007aab00000, 0x00000007c0000000, 0x00000007c0000000)
  eden space 243712K, 0% used [0x00000007aab00000,0x00000007aab00000,0x00000007b9900000)
  from space 50176K, 2% used [0x00000007bcf00000,0x00000007bd0110a0,0x00000007c0000000)
  to   space 52736K, 0% used [0x00000007b9900000,0x00000007b9900000,0x00000007bcc80000)
 ParOldGen       total 699392K, used 32787K [0x0000000780000000, 0x00000007aab00000, 0x00000007aab00000)
  object space 699392K, 4% used [0x0000000780000000,0x0000000782004fe8,0x00000007aab00000)
 Metaspace       used 68675K, capacity 69394K, committed 69760K, reserved 1105920K
  class space    used 12789K, capacity 13059K, committed 13184K, reserved 1048576K
}

